2025-03-04 22:10:26.3036 | Info | Application is starting... 
2025-03-04 22:10:43.1874 | Info | Get Method Executed 
2025-03-04 22:10:46.2164 | Info | Get Method Executed 
2025-03-04 22:11:01.1839 | Info | Post method Executed with Name 
2025-03-04 22:11:02.9300 | Info | Post method Executed with Name 
2025-03-04 23:17:06.4870 | Info | Application is starting... 
2025-03-04 23:18:21.0808 | Info | Application is starting... 
2025-03-04 23:24:42.3784 | Info | Application is starting... 
2025-03-04 23:40:27.1905 | Info | Application is starting... 
2025-03-04 23:40:52.4957 | Info | Application is starting... 
2025-03-04 23:47:45.2702 | Info | Application is starting... 
2025-03-04 23:48:40.6786 | Info | SendGreeting Method Executed Successfully 
2025-03-04 23:48:42.7344 | Info | SendGreeting Method Executed Successfully 
2025-03-05 00:04:20.2973 | Info | Application is starting... 
2025-03-05 00:05:11.7809 | Info | Application is starting... 
2025-03-05 00:08:56.1684 | Info | Application is starting... 
2025-03-05 00:16:13.4241 | Info | Application is starting... 
2025-03-05 00:16:41.0151 | Info | Application is starting... 
2025-03-05 10:29:12.2731 | Info | Application is starting... 
2025-03-05 10:31:38.5700 | Info | SendGreeting Method Executed Successfully 
2025-03-05 10:34:23.8527 | Info | SendGreeting Method Executed Successfully 
2025-03-05 10:34:57.5545 | Info | Post Method Executed 
2025-03-05 10:34:58.9938 | Info | Post Method Executed 
2025-03-05 10:35:22.7951 | Info | SendGreeting Method Executed Successfully 
2025-03-05 10:35:42.1756 | Info | SendGreeting Method Executed Successfully 
2025-03-05 10:35:45.1128 | Info | SendGreeting Method Executed Successfully 
2025-03-05 11:14:16.9442 | Info | Application is starting... 
2025-03-05 11:14:50.4727 | Info | GetGreeting Method Executed Successfully 
2025-03-05 11:15:05.5272 | Info | GetGreeting Method Executed Successfully 
2025-03-05 11:15:25.0563 | Info | SendGreeting Method Executed Successfully 
2025-03-05 11:16:24.3230 | Info | SendGreeting Method Executed Successfully 
2025-03-05 11:32:55.9462 | Info | Application is starting... 
2025-03-05 11:35:49.9015 | Info | SendGreeting Method Executed Successfully 
2025-03-05 11:54:35.0066 | Info | Application is starting... 
2025-03-05 11:55:14.6460 | Info | GetGreeting Method Executed Successfully 
2025-03-05 11:55:31.9875 | Info | GetGreeting Method Executed Successfully 
